<?xml version="1.0" encoding="UTF-8" ?>
<testsuite errors="2" failures="0" hostname="local" name="com.test.SeleniumTest" skipped="0" tests="1" time="45.512" timestamp="2015-12-09T11:16:42">
  <properties>
    <property name="ant.project.invoked-targets" value="all2" />
    <property name="java.runtime.name" value="Java(TM) SE Runtime Environment" />
    <property name="reports" value="/home/infra3/eclipse_workspace/selenium/s1/Selenium_Test/reports" />
    <property name="sun.boot.library.path" value="/usr/lib/jvm/java-8-oracle/jre/lib/amd64" />
    <property name="java.vm.version" value="25.65-b01" />
    <property name="ant.library.dir" value="/usr/share/ant/lib" />
    <property name="ant.version" value="Apache Ant(TM) version 1.9.4 compiled on January 27 2015" />
    <property name="ant.java.version" value="1.8" />
    <property name="java.vm.vendor" value="Oracle Corporation" />
    <property name="java.vendor.url" value="http://java.oracle.com/" />
    <property name="path.separator" value=":" />
    <property name="java.vm.name" value="Java HotSpot(TM) 64-Bit Server VM" />
    <property name="file.encoding.pkg" value="sun.io" />
    <property name="user.country" value="IN" />
    <property name="sun.java.launcher" value="SUN_STANDARD" />
    <property name="sun.os.patch.level" value="unknown" />
    <property name="java.vm.specification.name" value="Java Virtual Machine Specification" />
    <property name="user.dir" value="/home/infra3/eclipse_workspace/selenium/s1/Selenium_Test" />
    <property name="lib" value="/home/infra3/eclipse_workspace/selenium/s1/Selenium_Test/lib" />
    <property name="java.runtime.version" value="1.8.0_65-b17" />
    <property name="java.awt.graphicsenv" value="sun.awt.X11GraphicsEnvironment" />
    <property name="basedir" value="/home/infra3/eclipse_workspace/selenium/s1/Selenium_Test" />
    <property name="java.endorsed.dirs" value="/usr/lib/jvm/java-8-oracle/jre/lib/endorsed" />
    <property name="os.arch" value="amd64" />
    <property name="ant.project.default-target" value="all2" />
    <property name="java.io.tmpdir" value="/tmp" />
    <property name="ant.core.lib" value="/usr/share/ant/lib/ant.jar" />
    <property name="line.separator" value="&#xa;" />
    <property name="java.vm.specification.vendor" value="Oracle Corporation" />
    <property name="os.name" value="Linux" />
    <property name="ant.home" value="/usr/share/ant" />
    <property name="ant.project.name" value="Ant Example" />
    <property name="sun.jnu.encoding" value="UTF-8" />
    <property name="java.library.path" value="/usr/java/packages/lib/amd64:/usr/lib64:/lib64:/lib:/usr/lib" />
    <property name="src" value="/home/infra3/eclipse_workspace/selenium/s1/Selenium_Test/src" />
    <property name="java.specification.name" value="Java Platform API Specification" />
    <property name="java.class.version" value="52.0" />
    <property name="sun.management.compiler" value="HotSpot 64-Bit Tiered Compilers" />
    <property name="ant.file.Ant Example" value="/home/infra3/eclipse_workspace/selenium/s1/Selenium_Test/build.xml" />
    <property name="os.version" value="3.19.0-32-generic" />
    <property name="ant.file" value="/home/infra3/eclipse_workspace/selenium/s1/Selenium_Test/build.xml" />
    <property name="user.home" value="/var/lib/jenkins" />
    <property name="user.timezone" value="" />
    <property name="java.awt.printerjob" value="sun.print.PSPrinterJob" />
    <property name="java.specification.version" value="1.8" />
    <property name="file.encoding" value="UTF-8" />
    <property name="project_name" value="Selenium_Test" />
    <property name="testparam" value="SeleniumTest" />
    <property name="user.name" value="jenkins" />
    <property name="java.class.path" value="/home/infra3/eclipse_workspace/selenium/s1/Selenium_Test/build/classes:/home/infra3/eclipse_workspace/selenium/s1/Selenium_Test/lib/apache-mime4j-0.6.jar:/home/infra3/eclipse_workspace/selenium/s1/Selenium_Test/lib/bsh-2.0b4.jar:/home/infra3/eclipse_workspace/selenium/s1/Selenium_Test/lib/cglib-nodep-2.1_3.jar:/home/infra3/eclipse_workspace/selenium/s1/Selenium_Test/lib/commons-codec-1.10.jar:/home/infra3/eclipse_workspace/selenium/s1/Selenium_Test/lib/commons-collections-3.2.1.jar:/home/infra3/eclipse_workspace/selenium/s1/Selenium_Test/lib/commons-el-1.0.jar:/home/infra3/eclipse_workspace/selenium/s1/Selenium_Test/lib/commons-exec-1.3.jar:/home/infra3/eclipse_workspace/selenium/s1/Selenium_Test/lib/commons-io-2.4.jar:/home/infra3/eclipse_workspace/selenium/s1/Selenium_Test/lib/commons-lang3-3.4.jar:/home/infra3/eclipse_workspace/selenium/s1/Selenium_Test/lib/commons-logging-1.2.jar:/home/infra3/eclipse_workspace/selenium/s1/Selenium_Test/lib/cssparser-0.9.16.jar:/home/infra3/eclipse_workspace/selenium/s1/Selenium_Test/lib/gson-2.3.1.jar:/home/infra3/eclipse_workspace/selenium/s1/Selenium_Test/lib/guava-18.0.jar:/home/infra3/eclipse_workspace/selenium/s1/Selenium_Test/lib/hamcrest-core-1.3.jar:/home/infra3/eclipse_workspace/selenium/s1/Selenium_Test/lib/hamcrest-library-1.3.jar:/home/infra3/eclipse_workspace/selenium/s1/Selenium_Test/lib/htmlunit-2.18.jar:/home/infra3/eclipse_workspace/selenium/s1/Selenium_Test/lib/htmlunit-core-js-2.17.jar:/home/infra3/eclipse_workspace/selenium/s1/Selenium_Test/lib/httpclient-4.5.1.jar:/home/infra3/eclipse_workspace/selenium/s1/Selenium_Test/lib/httpcore-4.4.3.jar:/home/infra3/eclipse_workspace/selenium/s1/Selenium_Test/lib/httpmime-4.5.jar:/home/infra3/eclipse_workspace/selenium/s1/Selenium_Test/lib/jasper-compiler-5.5.15.jar:/home/infra3/eclipse_workspace/selenium/s1/Selenium_Test/lib/jasper-compiler-jdt-5.5.15.jar:/home/infra3/eclipse_workspace/selenium/s1/Selenium_Test/lib/jasper-runtime-5.5.15.jar:/home/infra3/eclipse_workspace/selenium/s1/Selenium_Test/lib/javax.servlet-api-3.1.0.jar:/home/infra3/eclipse_workspace/selenium/s1/Selenium_Test/lib/jcommander-1.48.jar:/home/infra3/eclipse_workspace/selenium/s1/Selenium_Test/lib/jetty-continuation-9.2.13.v20150730.jar:/home/infra3/eclipse_workspace/selenium/s1/Selenium_Test/lib/jetty-http-9.2.13.v20150730.jar:/home/infra3/eclipse_workspace/selenium/s1/Selenium_Test/lib/jetty-io-9.2.13.v20150730.jar:/home/infra3/eclipse_workspace/selenium/s1/Selenium_Test/lib/jetty-jmx-9.2.13.v20150730.jar:/home/infra3/eclipse_workspace/selenium/s1/Selenium_Test/lib/jetty-security-9.2.13.v20150730.jar:/home/infra3/eclipse_workspace/selenium/s1/Selenium_Test/lib/jetty-server-9.2.13.v20150730.jar:/home/infra3/eclipse_workspace/selenium/s1/Selenium_Test/lib/jetty-servlet-9.2.13.v20150730.jar:/home/infra3/eclipse_workspace/selenium/s1/Selenium_Test/lib/jetty-servlets-9.2.13.v20150730.jar:/home/infra3/eclipse_workspace/selenium/s1/Selenium_Test/lib/jetty-util-9.2.13.v20150730.jar:/home/infra3/eclipse_workspace/selenium/s1/Selenium_Test/lib/jna-4.1.0.jar:/home/infra3/eclipse_workspace/selenium/s1/Selenium_Test/lib/jna-platform-4.1.0.jar:/home/infra3/eclipse_workspace/selenium/s1/Selenium_Test/lib/jsp-api-2.0.jar:/home/infra3/eclipse_workspace/selenium/s1/Selenium_Test/lib/junit-4.12.jar:/home/infra3/eclipse_workspace/selenium/s1/Selenium_Test/lib/nekohtml-1.9.22.jar:/home/infra3/eclipse_workspace/selenium/s1/Selenium_Test/lib/netty-3.5.7.Final.jar:/home/infra3/eclipse_workspace/selenium/s1/Selenium_Test/lib/phantomjsdriver-1.2.1.jar:/home/infra3/eclipse_workspace/selenium/s1/Selenium_Test/lib/sac-1.3.jar:/home/infra3/eclipse_workspace/selenium/s1/Selenium_Test/lib/selenium-java-2.48.2.jar:/home/infra3/eclipse_workspace/selenium/s1/Selenium_Test/lib/serializer-2.7.2.jar:/home/infra3/eclipse_workspace/selenium/s1/Selenium_Test/lib/testng-6.9.6.jar:/home/infra3/eclipse_workspace/selenium/s1/Selenium_Test/lib/websocket-api-9.2.13.v20150730.jar:/home/infra3/eclipse_workspace/selenium/s1/Selenium_Test/lib/websocket-client-9.2.13.v20150730.jar:/home/infra3/eclipse_workspace/selenium/s1/Selenium_Test/lib/websocket-common-9.2.13.v20150730.jar:/home/infra3/eclipse_workspace/selenium/s1/Selenium_Test/lib/xalan-2.7.2.jar:/home/infra3/eclipse_workspace/selenium/s1/Selenium_Test/lib/xercesImpl-2.11.0.jar:/home/infra3/eclipse_workspace/selenium/s1/Selenium_Test/lib/xml-apis-1.4.01.jar:/usr/share/ant/lib/junit.jar:/usr/share/java/ant-launcher-1.9.4.jar:/usr/share/ant/lib/ant.jar:/usr/share/ant/lib/ant-junit.jar:/usr/share/ant/lib/ant-junit4.jar" />
    <property name="ant.file.type.Ant Example" value="file" />
    <property name="java.vm.specification.version" value="1.8" />
    <property name="java.home" value="/usr/lib/jvm/java-8-oracle/jre" />
    <property name="sun.java.command" value="org.apache.tools.ant.taskdefs.optional.junit.JUnitTestRunner com.test.SeleniumTest skipNonTests=false filtertrace=true haltOnError=false haltOnFailure=true formatter=org.apache.tools.ant.taskdefs.optional.junit.SummaryJUnitResultFormatter showoutput=true outputtoformatters=true logfailedtests=true threadid=0 logtestlistenerevents=false formatter=org.apache.tools.ant.taskdefs.optional.junit.XMLJUnitResultFormatter,/home/infra3/eclipse_workspace/selenium/s1/Selenium_Test/reports/raw/TEST-com.test.SeleniumTest.xml crashfile=/home/infra3/eclipse_workspace/selenium/s1/Selenium_Test/junitvmwatcher3058613350292928140.properties propsfile=/home/infra3/eclipse_workspace/selenium/s1/Selenium_Test/junit1356735057933585973.properties" />
    <property name="sun.arch.data.model" value="64" />
    <property name="java.specification.vendor" value="Oracle Corporation" />
    <property name="user.language" value="en" />
    <property name="build" value="/home/infra3/eclipse_workspace/selenium/s1/Selenium_Test/build/classes" />
    <property name="awt.toolkit" value="sun.awt.X11.XToolkit" />
    <property name="java.vm.info" value="mixed mode" />
    <property name="java.version" value="1.8.0_65" />
    <property name="java.ext.dirs" value="/usr/lib/jvm/java-8-oracle/jre/lib/ext:/usr/java/packages/lib/ext" />
    <property name="sun.boot.class.path" value="/usr/lib/jvm/java-8-oracle/jre/lib/resources.jar:/usr/lib/jvm/java-8-oracle/jre/lib/rt.jar:/usr/lib/jvm/java-8-oracle/jre/lib/sunrsasign.jar:/usr/lib/jvm/java-8-oracle/jre/lib/jsse.jar:/usr/lib/jvm/java-8-oracle/jre/lib/jce.jar:/usr/lib/jvm/java-8-oracle/jre/lib/charsets.jar:/usr/lib/jvm/java-8-oracle/jre/lib/jfr.jar:/usr/lib/jvm/java-8-oracle/jre/classes" />
    <property name="java.vendor" value="Oracle Corporation" />
    <property name="file.separator" value="/" />
    <property name="java.vendor.url.bug" value="http://bugreport.sun.com/bugreport/" />
    <property name="sun.cpu.endian" value="little" />
    <property name="sun.io.unicode.encoding" value="UnicodeLittle" />
    <property name="ant.file.type" value="file" />
    <property name="sun.cpu.isalist" value="" />
  </properties>
  <testcase classname="com.test.SeleniumTest" name="test" time="45.421">
    <error message="Failed to connect to binary FirefoxBinary(/usr/bin/firefox) on port 7055; process output follows: &#xa;Error: no display specified&#xa;&#xa;Build info: version: &apos;2.48.2&apos;, revision: &apos;41bccdd&apos;, time: &apos;2015-10-09 19:55:52&apos;&#xa;System info: host: &apos;local&apos;, ip: &apos;192.168.1.90&apos;, os.name: &apos;Linux&apos;, os.arch: &apos;amd64&apos;, os.version: &apos;3.19.0-32-generic&apos;, java.version: &apos;1.8.0_65&apos;&#xa;Driver info: driver.version: FirefoxDriver" type="org.openqa.selenium.WebDriverException">org.openqa.selenium.WebDriverException: Failed to connect to binary FirefoxBinary(/usr/bin/firefox) on port 7055; process output follows: 
Error: no display specified

Build info: version: &apos;2.48.2&apos;, revision: &apos;41bccdd&apos;, time: &apos;2015-10-09 19:55:52&apos;
System info: host: &apos;local&apos;, ip: &apos;192.168.1.90&apos;, os.name: &apos;Linux&apos;, os.arch: &apos;amd64&apos;, os.version: &apos;3.19.0-32-generic&apos;, java.version: &apos;1.8.0_65&apos;
Driver info: driver.version: FirefoxDriver
	at org.openqa.selenium.firefox.internal.NewProfileExtensionConnection.start(NewProfileExtensionConnection.java:134)
	at org.openqa.selenium.firefox.FirefoxDriver.startClient(FirefoxDriver.java:271)
	at org.openqa.selenium.remote.RemoteWebDriver.&lt;init&gt;(RemoteWebDriver.java:117)
	at org.openqa.selenium.firefox.FirefoxDriver.&lt;init&gt;(FirefoxDriver.java:218)
	at org.openqa.selenium.firefox.FirefoxDriver.&lt;init&gt;(FirefoxDriver.java:211)
	at org.openqa.selenium.firefox.FirefoxDriver.&lt;init&gt;(FirefoxDriver.java:207)
	at org.openqa.selenium.firefox.FirefoxDriver.&lt;init&gt;(FirefoxDriver.java:120)
	at com.test.SeleniumTest.test(Unknown Source)
Caused by: org.openqa.selenium.firefox.NotConnectedException: Unable to connect to host 127.0.0.1 on port 7055 after 45000 ms. Firefox console output:
Error: no display specified

	at org.openqa.selenium.firefox.internal.NewProfileExtensionConnection.start(NewProfileExtensionConnection.java:122)
</error>
    <error type="java.lang.NullPointerException">java.lang.NullPointerException
	at com.test.SeleniumTest.tearDown(Unknown Source)
</error>
  </testcase>
  <system-out><![CDATA[]]></system-out>
  <system-err><![CDATA[org.openqa.selenium.firefox.NotConnectedException: Unable to connect to host 127.0.0.1 on port 7055 after 45000 ms. Firefox console output:
Error: no display specified

	at org.openqa.selenium.firefox.internal.NewProfileExtensionConnection.start(NewProfileExtensionConnection.java:122)
	at org.openqa.selenium.firefox.FirefoxDriver.startClient(FirefoxDriver.java:271)
	at org.openqa.selenium.remote.RemoteWebDriver.<init>(RemoteWebDriver.java:117)
	at org.openqa.selenium.firefox.FirefoxDriver.<init>(FirefoxDriver.java:218)
	at org.openqa.selenium.firefox.FirefoxDriver.<init>(FirefoxDriver.java:211)
	at org.openqa.selenium.firefox.FirefoxDriver.<init>(FirefoxDriver.java:207)
	at org.openqa.selenium.firefox.FirefoxDriver.<init>(FirefoxDriver.java:120)
	at com.test.SeleniumTest.test(Unknown Source)
	at sun.reflect.NativeMethodAccessorImpl.invoke0(Native Method)
	at sun.reflect.NativeMethodAccessorImpl.invoke(NativeMethodAccessorImpl.java:62)
	at sun.reflect.DelegatingMethodAccessorImpl.invoke(DelegatingMethodAccessorImpl.java:43)
	at java.lang.reflect.Method.invoke(Method.java:497)
	at org.junit.runners.model.FrameworkMethod$1.runReflectiveCall(FrameworkMethod.java:50)
	at org.junit.internal.runners.model.ReflectiveCallable.run(ReflectiveCallable.java:12)
	at org.junit.runners.model.FrameworkMethod.invokeExplosively(FrameworkMethod.java:47)
	at org.junit.internal.runners.statements.InvokeMethod.evaluate(InvokeMethod.java:17)
	at org.junit.internal.runners.statements.RunBefores.evaluate(RunBefores.java:26)
	at org.junit.internal.runners.statements.RunAfters.evaluate(RunAfters.java:27)
	at org.junit.runners.ParentRunner.runLeaf(ParentRunner.java:325)
	at org.junit.runners.BlockJUnit4ClassRunner.runChild(BlockJUnit4ClassRunner.java:78)
	at org.junit.runners.BlockJUnit4ClassRunner.runChild(BlockJUnit4ClassRunner.java:57)
	at org.junit.runners.ParentRunner$3.run(ParentRunner.java:290)
	at org.junit.runners.ParentRunner$1.schedule(ParentRunner.java:71)
	at org.junit.runners.ParentRunner.runChildren(ParentRunner.java:288)
	at org.junit.runners.ParentRunner.access$000(ParentRunner.java:58)
	at org.junit.runners.ParentRunner$2.evaluate(ParentRunner.java:268)
	at org.junit.runners.ParentRunner.run(ParentRunner.java:363)
	at junit.framework.JUnit4TestAdapter.run(JUnit4TestAdapter.java:38)
	at org.apache.tools.ant.taskdefs.optional.junit.JUnitTestRunner.run(JUnitTestRunner.java:532)
	at org.apache.tools.ant.taskdefs.optional.junit.JUnitTestRunner.launch(JUnitTestRunner.java:1179)
	at org.apache.tools.ant.taskdefs.optional.junit.JUnitTestRunner.main(JUnitTestRunner.java:1030)
]]></system-err>
</testsuite>
